D:\—–æø…˙\–°¬ğŒƒ\RT-DETRv4\RT-DETRv4-main\engine\core\workspace.py:180: FutureWarning: `torch.cuda.amp.GradScaler(args...)` is deprecated. Please use `torch.amp.GradScaler('cuda', args...)` instead.
  return module(**module_kwargs)
D:\—–æø…˙\–°¬ğŒƒ\RT-DETRv4\RT-DETRv4-main\engine\solver\det_engine.py:145: UserWarning: Converting a tensor with requires_grad=True to a scalar may lead to unexpected behavior.
Consider using tensor.detach() first. (Triggered internally at C:\actions-runner\_work\pytorch\pytorch\pytorch\torch\csrc\autograd\generated\python_variable_methods.cpp:836.)
  if not math.isfinite(loss_value):
D:\—–æø…˙\–°¬ğŒƒ\RT-DETRv4\RT-DETRv4-main\engine\core\workspace.py:180: FutureWarning: `torch.cuda.amp.GradScaler(args...)` is deprecated. Please use `torch.amp.GradScaler('cuda', args...)` instead.
  return module(**module_kwargs)
D:\—–æø…˙\–°¬ğŒƒ\RT-DETRv4\RT-DETRv4-main\engine\solver\det_engine.py:145: UserWarning: Converting a tensor with requires_grad=True to a scalar may lead to unexpected behavior.
Consider using tensor.detach() first. (Triggered internally at C:\actions-runner\_work\pytorch\pytorch\pytorch\torch\csrc\autograd\generated\python_variable_methods.cpp:836.)
  if not math.isfinite(loss_value):
D:\—–æø…˙\–°¬ğŒƒ\RT-DETRv4\RT-DETRv4-main\engine\core\workspace.py:180: FutureWarning: `torch.cuda.amp.GradScaler(args...)` is deprecated. Please use `torch.amp.GradScaler('cuda', args...)` instead.
  return module(**module_kwargs)
D:\—–æø…˙\–°¬ğŒƒ\RT-DETRv4\RT-DETRv4-main\engine\solver\det_engine.py:145: UserWarning: Converting a tensor with requires_grad=True to a scalar may lead to unexpected behavior.
Consider using tensor.detach() first. (Triggered internally at C:\actions-runner\_work\pytorch\pytorch\pytorch\torch\csrc\autograd\generated\python_variable_methods.cpp:836.)
  if not math.isfinite(loss_value):
D:\—–æø…˙\–°¬ğŒƒ\RT-DETRv4\RT-DETRv4-main\engine\core\workspace.py:180: FutureWarning: `torch.cuda.amp.GradScaler(args...)` is deprecated. Please use `torch.amp.GradScaler('cuda', args...)` instead.
  return module(**module_kwargs)
D:\—–æø…˙\–°¬ğŒƒ\RT-DETRv4\RT-DETRv4-main\engine\solver\det_engine.py:145: UserWarning: Converting a tensor with requires_grad=True to a scalar may lead to unexpected behavior.
Consider using tensor.detach() first. (Triggered internally at C:\actions-runner\_work\pytorch\pytorch\pytorch\torch\csrc\autograd\generated\python_variable_methods.cpp:836.)
  if not math.isfinite(loss_value):
