D:\研究生\代码复现\RT-DETR-main\rtdetr_pytorch\tools\..\src\solver\det_engine.py:77: UserWarning: Converting a tensor with requires_grad=True to a scalar may lead to unexpected behavior.
Consider using tensor.detach() first. (Triggered internally at C:\actions-runner\_work\pytorch\pytorch\pytorch\torch\csrc\autograd\generated\python_variable_methods.cpp:836.)
  if not math.isfinite(loss_value):
D:\研究生\代码复现\RT-DETR-main\rtdetr_pytorch\tools\..\src\solver\det_engine.py:77: UserWarning: Converting a tensor with requires_grad=True to a scalar may lead to unexpected behavior.
Consider using tensor.detach() first. (Triggered internally at C:\actions-runner\_work\pytorch\pytorch\pytorch\torch\csrc\autograd\generated\python_variable_methods.cpp:836.)
  if not math.isfinite(loss_value):
D:\研究生\代码复现\RT-DETR-main\rtdetr_pytorch\tools\..\src\solver\det_engine.py:77: UserWarning: Converting a tensor with requires_grad=True to a scalar may lead to unexpected behavior.
Consider using tensor.detach() first. (Triggered internally at C:\actions-runner\_work\pytorch\pytorch\pytorch\torch\csrc\autograd\generated\python_variable_methods.cpp:836.)
  if not math.isfinite(loss_value):
Traceback (most recent call last):
  File "D:\研究生\代码复现\RT-DETR-main\rtdetr_pytorch\tools\train.py", line 59, in <module>
    main(args)
  File "D:\研究生\代码复现\RT-DETR-main\rtdetr_pytorch\tools\train.py", line 38, in main
    solver.fit()
  File "D:\研究生\代码复现\RT-DETR-main\rtdetr_pytorch\tools\..\src\solver\det_solver.py", line 38, in fit
    train_stats = train_one_epoch(
                  ^^^^^^^^^^^^^^^^
  File "D:\研究生\代码复现\RT-DETR-main\rtdetr_pytorch\tools\..\src\solver\det_engine.py", line 63, in train_one_epoch
    loss.backward()
  File "D:\anaconda\envs\rtdetr_5070ti\Lib\site-packages\torch\_tensor.py", line 647, in backward
    torch.autograd.backward(
  File "D:\anaconda\envs\rtdetr_5070ti\Lib\site-packages\torch\autograd\__init__.py", line 354, in backward
    _engine_run_backward(
  File "D:\anaconda\envs\rtdetr_5070ti\Lib\site-packages\torch\autograd\graph.py", line 829, in _engine_run_backward
    return Variable._execution_engine.run_backward(  # Calls into the C++ engine to run the backward pass
           ^^^^^^^^^^^^^^^^^^^^^^^^^^^^^^^^^^^^^^^^^^^^^^^^^^^^^^^^^^^^^^^^^^^^^^^^^^^^^^^^^^^^^^^^^^^^^^
torch.AcceleratorError: CUDA error: out of memory
CUDA kernel errors might be asynchronously reported at some other API call, so the stacktrace below might be incorrect.
For debugging consider passing CUDA_LAUNCH_BLOCKING=1
Compile with `TORCH_USE_CUDA_DSA` to enable device-side assertions.

